2017-10-21 20:53:15,151 - INFO - root - /home/rolando/PycharmProjects/CariesRobot/procesarImagen/RemoverFondo.py - Imagen procesada satisfactoriamente (Se a removido el fondo de la imagen)
2017-10-21 20:53:15,253 - INFO - root - /home/rolando/PycharmProjects/CariesRobot/procesarImagen/Coordenadas.py - La imagen se proceso y se optubieron las coordenadas
2017-10-21 23:12:19,820 - INFO - root - /home/rolando/PycharmProjects/CariesRobot/procesarImagen/Camara.py - Se guardo la imagen correctamente
2017-10-21 23:12:20,714 - INFO - root - /home/rolando/PycharmProjects/CariesRobot/procesarImagen/RemoverFondo.py - Imagen procesada satisfactoriamente (Se a removido el fondo de la imagen)
2017-10-21 23:12:20,822 - INFO - root - /home/rolando/PycharmProjects/CariesRobot/procesarImagen/Coordenadas.py - La imagen se proceso y se optubieron las coordenadas
2017-10-21 23:15:02,610 - INFO - root - /home/rolando/PycharmProjects/CariesRobot/procesarImagen/Camara.py - Se guardo la imagen correctamente 2017-10-21_23-15-02.jpg
2017-10-21 23:15:03,550 - INFO - root - /home/rolando/PycharmProjects/CariesRobot/procesarImagen/RemoverFondo.py - Imagen procesada satisfactoriamente (Se a removido el fondo de la imagen)
2017-10-21 23:15:03,668 - INFO - root - /home/rolando/PycharmProjects/CariesRobot/procesarImagen/Coordenadas.py - La imagen se proceso y se optubieron las coordenadas
2017-10-21 23:15:13,868 - INFO - root - /home/rolando/PycharmProjects/CariesRobot/procesarImagen/Camara.py - Se guardo la imagen correctamente 2017-10-21_23-15-13.jpg
2017-10-21 23:15:14,766 - INFO - root - /home/rolando/PycharmProjects/CariesRobot/procesarImagen/RemoverFondo.py - Imagen procesada satisfactoriamente (Se a removido el fondo de la imagen)
2017-10-21 23:15:14,872 - INFO - root - /home/rolando/PycharmProjects/CariesRobot/procesarImagen/Coordenadas.py - La imagen se proceso y se optubieron las coordenadas
2017-10-21 23:16:35,188 - INFO - root - /home/rolando/PycharmProjects/CariesRobot/procesarImagen/Camara.py - Se guardo la imagen correctamente 2017-10-21.jpg
2017-10-21 23:16:36,104 - INFO - root - /home/rolando/PycharmProjects/CariesRobot/procesarImagen/RemoverFondo.py - Imagen procesada satisfactoriamente (Se a removido el fondo de la imagen)
2017-10-21 23:16:36,202 - INFO - root - /home/rolando/PycharmProjects/CariesRobot/procesarImagen/Coordenadas.py - La imagen se proceso y se optubieron las coordenadas
2017-10-21 23:17:14,205 - INFO - root - /home/rolando/PycharmProjects/CariesRobot/procesarImagen/Camara.py - Se guardo la imagen correctamente 2017-10-21_23.jpg
2017-10-21 23:17:15,099 - INFO - root - /home/rolando/PycharmProjects/CariesRobot/procesarImagen/RemoverFondo.py - Imagen procesada satisfactoriamente (Se a removido el fondo de la imagen)
2017-10-21 23:17:15,216 - INFO - root - /home/rolando/PycharmProjects/CariesRobot/procesarImagen/Coordenadas.py - La imagen se proceso y se optubieron las coordenadas
2017-10-21 23:40:40,328 - INFO - root - /home/rolando/PycharmProjects/CariesRobot/procesarImagen/Camara.py - Se guardo la imagen correctamente 2017-10-21_23.jpg
2017-10-21 23:40:41,273 - INFO - root - /home/rolando/PycharmProjects/CariesRobot/procesarImagen/RemoverFondo.py - Imagen procesada satisfactoriamente (Se a removido el fondo de la imagen)
2017-10-21 23:40:41,383 - INFO - root - /home/rolando/PycharmProjects/CariesRobot/procesarImagen/Coordenadas.py - La imagen se proceso y se optubieron las coordenadas
2017-10-21 23:41:38,240 - INFO - root - /home/rolando/PycharmProjects/CariesRobot/procesarImagen/Camara.py - Se guardo la imagen correctamente 2017-10-21_23.jpg
2017-10-21 23:41:39,186 - INFO - root - /home/rolando/PycharmProjects/CariesRobot/procesarImagen/RemoverFondo.py - Imagen procesada satisfactoriamente (Se a removido el fondo de la imagen)
2017-10-21 23:41:39,296 - INFO - root - /home/rolando/PycharmProjects/CariesRobot/procesarImagen/Coordenadas.py - La imagen se proceso y se optubieron las coordenadas
2017-10-22 00:02:23,736 - INFO - root - /home/rolando/PycharmProjects/CariesRobot/procesarImagen/Camara.py - Se guardo la imagen correctamente 2017-10-22_00.jpg
2017-10-22 00:02:24,706 - INFO - root - /home/rolando/PycharmProjects/CariesRobot/procesarImagen/RemoverFondo.py - Imagen procesada satisfactoriamente (Se a removido el fondo de la imagen)
2017-10-22 00:02:29,448 - INFO - root - /home/rolando/PycharmProjects/CariesRobot/procesarImagen/Coordenadas.py - La imagen se proceso y se optubieron las coordenadas
2017-10-22 00:03:25,873 - INFO - root - /home/rolando/PycharmProjects/CariesRobot/procesarImagen/Camara.py - Se guardo la imagen correctamente 2017-10-22_00.jpg
2017-10-22 00:03:42,892 - INFO - root - /home/rolando/PycharmProjects/CariesRobot/procesarImagen/Camara.py - Se guardo la imagen correctamente 2017-10-22_00.jpg
2017-10-22 00:03:48,899 - INFO - root - /home/rolando/PycharmProjects/CariesRobot/procesarImagen/RemoverFondo.py - Imagen procesada satisfactoriamente (Se a removido el fondo de la imagen)
2017-10-22 00:04:55,743 - INFO - root - /home/rolando/PycharmProjects/CariesRobot/procesarImagen/Camara.py - Se guardo la imagen correctamente 2017-10-22_00.jpg
2017-10-22 00:05:01,742 - INFO - root - /home/rolando/PycharmProjects/CariesRobot/procesarImagen/RemoverFondo.py - Imagen procesada satisfactoriamente (Se a removido el fondo de la imagen)
2017-10-22 00:05:08,063 - INFO - root - /home/rolando/PycharmProjects/CariesRobot/procesarImagen/Coordenadas.py - La imagen se proceso y se optubieron las coordenadas
2017-10-22 00:07:25,560 - INFO - root - /home/rolando/PycharmProjects/CariesRobot/procesarImagen/Camara.py - Se guardo la imagen correctamente 2017-10-22_00.jpg
2017-10-22 00:07:31,549 - INFO - root - /home/rolando/PycharmProjects/CariesRobot/procesarImagen/RemoverFondo.py - Imagen procesada satisfactoriamente (Se a removido el fondo de la imagen)
2017-10-22 00:07:38,533 - INFO - root - /home/rolando/PycharmProjects/CariesRobot/procesarImagen/Coordenadas.py - La imagen se proceso y se optubieron las coordenadas
2017-10-22 00:10:38,075 - INFO - root - /home/rolando/PycharmProjects/CariesRobot/procesarImagen/Camara.py - Se guardo la imagen correctamente 2017-10-22_00.jpg
2017-10-22 00:10:44,060 - INFO - root - /home/rolando/PycharmProjects/CariesRobot/procesarImagen/RemoverFondo.py - Imagen procesada satisfactoriamente (Se a removido el fondo de la imagen)
2017-10-22 00:10:51,139 - INFO - root - /home/rolando/PycharmProjects/CariesRobot/procesarImagen/Coordenadas.py - La imagen se proceso y se optubieron las coordenadas
2017-10-22 00:18:39,100 - INFO - root - /home/rolando/PycharmProjects/CariesRobot/procesarImagen/Camara.py - Se guardo la imagen correctamente 2017-10-22_00.jpg
2017-10-22 00:18:45,091 - INFO - root - /home/rolando/PycharmProjects/CariesRobot/procesarImagen/RemoverFondo.py - Imagen procesada satisfactoriamente (Se a removido el fondo de la imagen)
2017-10-22 00:18:49,100 - INFO - root - /home/rolando/PycharmProjects/CariesRobot/procesarImagen/Coordenadas.py - La imagen se proceso y se optubieron las coordenadas
2017-10-22 00:23:45,806 - ERROR - root - /home/rolando/PycharmProjects/CariesRobot/comunicacion/serialArduino.py - No se puede establecer conexión con el arduino
2017-10-22 00:23:49,287 - INFO - root - /home/rolando/PycharmProjects/CariesRobot/procesarImagen/Camara.py - Se guardo la imagen correctamente 2017-10-22_00.jpg
2017-10-22 00:23:55,283 - INFO - root - /home/rolando/PycharmProjects/CariesRobot/procesarImagen/RemoverFondo.py - Imagen procesada satisfactoriamente (Se a removido el fondo de la imagen)
2017-10-22 00:24:00,950 - INFO - root - /home/rolando/PycharmProjects/CariesRobot/procesarImagen/Coordenadas.py - La imagen se proceso y se optubieron las coordenadas
2017-10-22 00:24:00,953 - ERROR - root - /home/rolando/PycharmProjects/CariesRobot/comunicacion/serialArduino.py - Error en cominicación con arduino
2017-10-22 00:25:06,765 - ERROR - root - /home/rolando/PycharmProjects/CariesRobot/comunicacion/serialArduino.py - No se puede establecer conexión con el arduino
2017-10-22 00:25:11,024 - INFO - root - /home/rolando/PycharmProjects/CariesRobot/procesarImagen/Camara.py - Se guardo la imagen correctamente 2017-10-22_00.jpg
2017-10-22 00:25:17,034 - INFO - root - /home/rolando/PycharmProjects/CariesRobot/procesarImagen/RemoverFondo.py - Imagen procesada satisfactoriamente (Se a removido el fondo de la imagen)
2017-10-22 00:25:20,601 - INFO - root - /home/rolando/PycharmProjects/CariesRobot/procesarImagen/Coordenadas.py - La imagen se proceso y se optubieron las coordenadas
2017-10-22 00:29:01,488 - INFO - root - /home/rolando/PycharmProjects/CariesRobot/procesarImagen/Camara.py - Se guardo la imagen correctamente 2017-10-22_00.jpg
2017-10-22 00:29:07,466 - INFO - root - /home/rolando/PycharmProjects/CariesRobot/procesarImagen/RemoverFondo.py - Imagen procesada satisfactoriamente (Se a removido el fondo de la imagen)
2017-10-22 00:29:12,949 - INFO - root - /home/rolando/PycharmProjects/CariesRobot/procesarImagen/Coordenadas.py - La imagen se proceso y se optubieron las coordenadas
2017-10-22 00:30:37,262 - INFO - root - /home/rolando/PycharmProjects/CariesRobot/procesarImagen/Camara.py - Se guardo la imagen correctamente 2017-10-22_00.jpg
2017-10-22 00:30:43,300 - INFO - root - /home/rolando/PycharmProjects/CariesRobot/procesarImagen/RemoverFondo.py - Imagen procesada satisfactoriamente (Se a removido el fondo de la imagen)
2017-10-22 00:30:48,383 - INFO - root - /home/rolando/PycharmProjects/CariesRobot/procesarImagen/Coordenadas.py - La imagen se proceso y se optubieron las coordenadas
2017-10-22 00:32:10,326 - ERROR - root - /home/rolando/PycharmProjects/CariesRobot/comunicacion/serialArduino.py - No se puede establecer conexión con el arduino
2017-10-22 00:32:13,712 - INFO - root - /home/rolando/PycharmProjects/CariesRobot/procesarImagen/Camara.py - Se guardo la imagen correctamente 2017-10-22_00.jpg
2017-10-22 00:32:19,700 - INFO - root - /home/rolando/PycharmProjects/CariesRobot/procesarImagen/RemoverFondo.py - Imagen procesada satisfactoriamente (Se a removido el fondo de la imagen)
2017-10-22 00:32:25,765 - INFO - root - /home/rolando/PycharmProjects/CariesRobot/procesarImagen/Coordenadas.py - La imagen se proceso y se optubieron las coordenadas
2017-10-22 00:34:45,082 - ERROR - root - /home/rolando/PycharmProjects/CariesRobot/comunicacion/serialArduino.py - No se puede establecer conexión con el arduino
2017-10-22 00:34:45,589 - INFO - root - /home/rolando/PycharmProjects/CariesRobot/procesarImagen/Coordenadas.py - La imagen se proceso y se optubieron las coordenadas
2017-10-22 00:35:38,166 - ERROR - root - /home/rolando/PycharmProjects/CariesRobot/comunicacion/serialArduino.py - No se puede establecer conexión con el arduino
2017-10-22 00:35:38,665 - INFO - root - /home/rolando/PycharmProjects/CariesRobot/procesarImagen/Coordenadas.py - La imagen se proceso y se optubieron las coordenadas
2017-10-22 00:36:52,914 - ERROR - root - /home/rolando/PycharmProjects/CariesRobot/comunicacion/serialArduino.py - No se puede establecer conexión con el arduino
2017-10-22 00:36:53,417 - INFO - root - /home/rolando/PycharmProjects/CariesRobot/procesarImagen/Coordenadas.py - La imagen se proceso y se optubieron las coordenadas
2017-10-22 00:36:53,420 - ERROR - root - /home/rolando/PycharmProjects/CariesRobot/comunicacion/serialArduino.py - Error en cominicación con arduino
2017-10-27 00:46:19,344 - ERROR - root - /home/rolando/PycharmProjects/proyectoF/robotLaser/CariesRobot/comunicacion/serialArduino.py - No se puede establecer conexión con el arduino
2017-10-27 00:46:24,993 - INFO - root - /home/rolando/PycharmProjects/proyectoF/robotLaser/CariesRobot/procesarImagen/Camara.py - Se guardo la imagen correctamente 2017-10-27_00.jpg
2017-10-27 00:46:31,048 - INFO - root - /home/rolando/PycharmProjects/proyectoF/robotLaser/CariesRobot/procesarImagen/RemoverFondo.py - Imagen procesada satisfactoriamente (Se a removido el fondo de la imagen)
2017-10-27 00:46:47,514 - ERROR - root - /home/rolando/PycharmProjects/proyectoF/robotLaser/CariesRobot/comunicacion/serialArduino.py - No se puede establecer conexión con el arduino
2017-10-27 00:46:51,416 - INFO - root - /home/rolando/PycharmProjects/proyectoF/robotLaser/CariesRobot/procesarImagen/Camara.py - Se guardo la imagen correctamente 2017-10-27_00.jpg
2017-10-27 00:46:57,403 - INFO - root - /home/rolando/PycharmProjects/proyectoF/robotLaser/CariesRobot/procesarImagen/RemoverFondo.py - Imagen procesada satisfactoriamente (Se a removido el fondo de la imagen)
2017-10-27 00:47:18,468 - INFO - root - /home/rolando/PycharmProjects/proyectoF/robotLaser/CariesRobot/procesarImagen/Coordenadas.py - La imagen se proceso y se optubieron las coordenadas
2017-10-27 00:47:18,470 - ERROR - root - /home/rolando/PycharmProjects/proyectoF/robotLaser/CariesRobot/comunicacion/serialArduino.py - Error en cominicación con arduino
2017-10-27 01:00:11,015 - ERROR - root - /home/rolando/PycharmProjects/proyectoF/robotLaser/CariesRobot/comunicacion/serialArduino.py - No se puede establecer conexión con el arduino
2017-10-27 01:00:17,312 - INFO - root - /home/rolando/PycharmProjects/proyectoF/robotLaser/CariesRobot/procesarImagen/Camara.py - Se guardo la imagen correctamente 2017-10-27_01.jpg
2017-10-27 01:23:09,547 - ERROR - root - /home/rolando/PycharmProjects/proyectoF/robotLaser/CariesRobot/comunicacion/serialArduino.py - No se puede establecer conexión con el arduino
2017-10-27 01:23:09,821 - INFO - root - /home/rolando/PycharmProjects/proyectoF/robotLaser/CariesRobot/procesarImagen/Coordenadas.py - La imagen se proceso y se optubieron las coordenadas
2017-10-27 01:24:24,811 - ERROR - root - /home/rolando/PycharmProjects/proyectoF/robotLaser/CariesRobot/comunicacion/serialArduino.py - No se puede establecer conexión con el arduino
2017-10-27 01:24:25,054 - INFO - root - /home/rolando/PycharmProjects/proyectoF/robotLaser/CariesRobot/procesarImagen/Coordenadas.py - La imagen se proceso y se optubieron las coordenadas
2017-10-27 01:25:08,941 - ERROR - root - /home/rolando/PycharmProjects/proyectoF/robotLaser/CariesRobot/comunicacion/serialArduino.py - No se puede establecer conexión con el arduino
2017-10-27 01:25:09,159 - INFO - root - /home/rolando/PycharmProjects/proyectoF/robotLaser/CariesRobot/procesarImagen/Coordenadas.py - La imagen se proceso y se optubieron las coordenadas
2017-10-27 01:27:42,299 - ERROR - root - /home/rolando/PycharmProjects/proyectoF/robotLaser/CariesRobot/comunicacion/serialArduino.py - No se puede establecer conexión con el arduino
2017-10-27 01:27:42,524 - INFO - root - /home/rolando/PycharmProjects/proyectoF/robotLaser/CariesRobot/procesarImagen/Coordenadas.py - La imagen se proceso y se optubieron las coordenadas
2017-10-27 01:28:25,606 - ERROR - root - /home/rolando/PycharmProjects/proyectoF/robotLaser/CariesRobot/comunicacion/serialArduino.py - No se puede establecer conexión con el arduino
2017-10-27 01:28:25,850 - INFO - root - /home/rolando/PycharmProjects/proyectoF/robotLaser/CariesRobot/procesarImagen/Coordenadas.py - La imagen se proceso y se optubieron las coordenadas
2017-10-27 01:28:25,857 - ERROR - root - /home/rolando/PycharmProjects/proyectoF/robotLaser/CariesRobot/comunicacion/serialArduino.py - Error en cominicación con arduino
2017-10-27 17:07:14,667 - ERROR - root - /home/rolando/PycharmProjects/proyectoF/robotLaser/CariesRobot/comunicacion/serialArduino.py - No se puede establecer conexión con el arduino
2017-10-27 17:07:23,810 - INFO - root - /home/rolando/PycharmProjects/proyectoF/robotLaser/CariesRobot/procesarImagen/Camara.py - Se guardo la imagen correctamente 2017-10-27_17.jpg
2017-10-27 17:07:29,963 - INFO - root - /home/rolando/PycharmProjects/proyectoF/robotLaser/CariesRobot/procesarImagen/RemoverFondo.py - Imagen procesada satisfactoriamente (Se a removido el fondo de la imagen)
2017-10-27 17:08:24,075 - INFO - root - /home/rolando/PycharmProjects/proyectoF/robotLaser/CariesRobot/procesarImagen/Coordenadas.py - La imagen se proceso y se optubieron las coordenadas
2017-10-27 17:08:24,081 - ERROR - root - /home/rolando/PycharmProjects/proyectoF/robotLaser/CariesRobot/comunicacion/serialArduino.py - Error en cominicación con arduino
2017-11-03 18:14:39,296 - ERROR - root - /home/rolando/PycharmProjects/proyectoF/robotLaser/CariesRobot/comunicacion/serialArduino.py - No se puede establecer conexión con el arduino
2017-11-03 18:14:55,629 - INFO - root - /home/rolando/PycharmProjects/proyectoF/robotLaser/CariesRobot/procesarImagen/Camara.py - Se guardo la imagen correctamente 2017-11-03_18.jpg
2017-11-03 18:15:02,109 - INFO - root - /home/rolando/PycharmProjects/proyectoF/robotLaser/CariesRobot/procesarImagen/RemoverFondo.py - Imagen procesada satisfactoriamente (Se a removido el fondo de la imagen)
2017-11-03 18:16:16,429 - INFO - root - /home/rolando/PycharmProjects/proyectoF/robotLaser/CariesRobot/procesarImagen/Coordenadas.py - La imagen se proceso y se optubieron las coordenadas
2017-11-03 18:16:16,435 - ERROR - root - /home/rolando/PycharmProjects/proyectoF/robotLaser/CariesRobot/comunicacion/serialArduino.py - Error en cominicación con arduino
2017-11-03 18:20:13,593 - ERROR - root - /home/rolando/PycharmProjects/proyectoF/robotLaser/CariesRobot/comunicacion/serialArduino.py - No se puede establecer conexión con el arduino
2017-11-03 18:20:17,736 - INFO - root - /home/rolando/PycharmProjects/proyectoF/robotLaser/CariesRobot/procesarImagen/Camara.py - Se guardo la imagen correctamente 2017-11-03_18.jpg
2017-11-03 18:20:23,757 - INFO - root - /home/rolando/PycharmProjects/proyectoF/robotLaser/CariesRobot/procesarImagen/RemoverFondo.py - Imagen procesada satisfactoriamente (Se a removido el fondo de la imagen)
2017-11-03 18:20:41,419 - INFO - root - /home/rolando/PycharmProjects/proyectoF/robotLaser/CariesRobot/procesarImagen/Coordenadas.py - La imagen se proceso y se optubieron las coordenadas
2017-11-03 18:20:41,425 - ERROR - root - /home/rolando/PycharmProjects/proyectoF/robotLaser/CariesRobot/comunicacion/serialArduino.py - Error en cominicación con arduino
2017-11-03 18:31:50,606 - ERROR - root - /home/rolando/PycharmProjects/proyectoF/robotLaser/CariesRobot/comunicacion/serialArduino.py - No se puede establecer conexión con el arduino
2017-11-03 18:32:00,232 - INFO - root - /home/rolando/PycharmProjects/proyectoF/robotLaser/CariesRobot/procesarImagen/Camara.py - Se guardo la imagen correctamente 2017-11-03_18.jpg
2017-11-03 18:32:20,175 - ERROR - root - /home/rolando/PycharmProjects/proyectoF/robotLaser/CariesRobot/comunicacion/serialArduino.py - No se puede establecer conexión con el arduino
2017-11-03 18:32:26,609 - INFO - root - /home/rolando/PycharmProjects/proyectoF/robotLaser/CariesRobot/procesarImagen/Camara.py - Se guardo la imagen correctamente 2017-11-03_18.jpg
2017-11-03 18:32:30,422 - INFO - root - /home/rolando/PycharmProjects/proyectoF/robotLaser/CariesRobot/procesarImagen/Camara.py - Se guardo la imagen correctamente 2017-11-03_18.jpg
2017-11-03 18:32:36,400 - INFO - root - /home/rolando/PycharmProjects/proyectoF/robotLaser/CariesRobot/procesarImagen/RemoverFondo.py - Imagen procesada satisfactoriamente (Se a removido el fondo de la imagen)
2017-11-03 18:32:50,048 - INFO - root - /home/rolando/PycharmProjects/proyectoF/robotLaser/CariesRobot/procesarImagen/Coordenadas.py - La imagen se proceso y se optubieron las coordenadas
2017-11-03 18:32:50,055 - ERROR - root - /home/rolando/PycharmProjects/proyectoF/robotLaser/CariesRobot/comunicacion/serialArduino.py - Error en cominicación con arduino
2017-11-03 18:49:49,384 - ERROR - root - /home/rolando/PycharmProjects/proyectoF/robotLaser/CariesRobot/comunicacion/serialArduino.py - No se puede establecer conexión con el arduino
2017-11-03 18:49:53,913 - INFO - root - /home/rolando/PycharmProjects/proyectoF/robotLaser/CariesRobot/procesarImagen/Camara.py - Se guardo la imagen correctamente 2017-11-03_18.jpg
2017-11-03 18:50:00,260 - INFO - root - /home/rolando/PycharmProjects/proyectoF/robotLaser/CariesRobot/procesarImagen/Camara.py - Se guardo la imagen correctamente 2017-11-03_18.jpg
2017-11-03 18:50:06,251 - INFO - root - /home/rolando/PycharmProjects/proyectoF/robotLaser/CariesRobot/procesarImagen/RemoverFondo.py - Imagen procesada satisfactoriamente (Se a removido el fondo de la imagen)
2017-11-03 18:50:17,347 - INFO - root - /home/rolando/PycharmProjects/proyectoF/robotLaser/CariesRobot/procesarImagen/Coordenadas.py - La imagen se proceso y se optubieron las coordenadas
2017-11-03 18:50:17,354 - ERROR - root - /home/rolando/PycharmProjects/proyectoF/robotLaser/CariesRobot/comunicacion/serialArduino.py - Error en cominicación con arduino
2017-11-03 19:06:09,544 - ERROR - root - /home/rolando/PycharmProjects/proyectoF/robotLaser/CariesRobot/comunicacion/serialArduino.py - No se puede establecer conexión con el arduino
2017-11-03 19:06:24,609 - INFO - root - /home/rolando/PycharmProjects/proyectoF/robotLaser/CariesRobot/procesarImagen/Camara.py - Se guardo la imagen correctamente 2017-11-03_19.jpg
2017-11-03 19:06:28,156 - INFO - root - /home/rolando/PycharmProjects/proyectoF/robotLaser/CariesRobot/procesarImagen/Camara.py - Se guardo la imagen correctamente 2017-11-03_19.jpg
2017-11-03 19:07:29,408 - ERROR - root - /home/rolando/PycharmProjects/proyectoF/robotLaser/CariesRobot/comunicacion/serialArduino.py - No se puede establecer conexión con el arduino
2017-11-03 19:07:41,840 - INFO - root - /home/rolando/PycharmProjects/proyectoF/robotLaser/CariesRobot/procesarImagen/Camara.py - Se guardo la imagen correctamente 2017-11-03_19.jpg
2017-11-03 19:09:36,030 - ERROR - root - /home/rolando/PycharmProjects/proyectoF/robotLaser/CariesRobot/comunicacion/serialArduino.py - No se puede establecer conexión con el arduino
2017-11-03 19:09:41,307 - INFO - root - /home/rolando/PycharmProjects/proyectoF/robotLaser/CariesRobot/procesarImagen/Camara.py - Se guardo la imagen correctamente 2017-11-03_19.jpg
2017-11-03 19:12:11,572 - ERROR - root - /home/rolando/PycharmProjects/proyectoF/robotLaser/CariesRobot/comunicacion/serialArduino.py - No se puede establecer conexión con el arduino
2017-11-03 19:12:16,296 - INFO - root - /home/rolando/PycharmProjects/proyectoF/robotLaser/CariesRobot/procesarImagen/Camara.py - Se guardo la imagen correctamente 2017-11-03_19.jpg
2017-11-06 18:23:21,288 - ERROR - root - /home/rolando/PycharmProjects/proyectoF/robotLaser/CariesRobot/comunicacion/serialArduino.py - No se puede establecer conexión con el arduino
2017-11-06 18:26:36,098 - ERROR - root - /home/rolando/PycharmProjects/proyectoF/robotLaser/CariesRobot/comunicacion/serialArduino.py - No se puede establecer conexión con el arduino
2017-11-06 18:29:18,331 - ERROR - root - /home/rolando/PycharmProjects/proyectoF/robotLaser/CariesRobot/comunicacion/serialArduino.py - No se puede establecer conexión con el arduino
2017-11-06 18:29:47,017 - ERROR - root - /home/rolando/PycharmProjects/proyectoF/robotLaser/CariesRobot/comunicacion/serialArduino.py - No se puede establecer conexión con el arduino
2017-11-06 18:30:34,052 - ERROR - root - /home/rolando/PycharmProjects/proyectoF/robotLaser/CariesRobot/comunicacion/serialArduino.py - No se puede establecer conexión con el arduino
2017-11-06 18:33:47,392 - ERROR - root - /home/rolando/PycharmProjects/proyectoF/robotLaser/CariesRobot/comunicacion/serialArduino.py - No se puede establecer conexión con el arduino
2017-11-06 18:34:19,879 - ERROR - root - /home/rolando/PycharmProjects/proyectoF/robotLaser/CariesRobot/comunicacion/serialArduino.py - No se puede establecer conexión con el arduino
2017-11-06 18:37:06,853 - ERROR - root - /home/rolando/PycharmProjects/proyectoF/robotLaser/CariesRobot/comunicacion/serialArduino.py - No se puede establecer conexión con el arduino
2017-11-06 18:38:03,370 - ERROR - root - /home/rolando/PycharmProjects/proyectoF/robotLaser/CariesRobot/comunicacion/serialArduino.py - No se puede establecer conexión con el arduino
2017-11-06 18:39:21,097 - ERROR - root - /home/rolando/PycharmProjects/proyectoF/robotLaser/CariesRobot/comunicacion/serialArduino.py - No se puede establecer conexión con el arduino
2017-11-06 18:40:04,717 - ERROR - root - /home/rolando/PycharmProjects/proyectoF/robotLaser/CariesRobot/comunicacion/serialArduino.py - No se puede establecer conexión con el arduino
2017-11-06 18:40:32,940 - ERROR - root - /home/rolando/PycharmProjects/proyectoF/robotLaser/CariesRobot/comunicacion/serialArduino.py - No se puede establecer conexión con el arduino
2017-11-06 18:42:45,974 - ERROR - root - /home/rolando/PycharmProjects/proyectoF/robotLaser/CariesRobot/comunicacion/serialArduino.py - No se puede establecer conexión con el arduino
2017-11-06 18:44:28,108 - ERROR - root - /home/rolando/PycharmProjects/proyectoF/robotLaser/CariesRobot/comunicacion/serialArduino.py - No se puede establecer conexión con el arduino
2017-11-06 18:45:32,815 - ERROR - root - /home/rolando/PycharmProjects/proyectoF/robotLaser/CariesRobot/comunicacion/serialArduino.py - No se puede establecer conexión con el arduino
2017-11-06 18:46:50,132 - ERROR - root - /home/rolando/PycharmProjects/proyectoF/robotLaser/CariesRobot/comunicacion/serialArduino.py - No se puede establecer conexión con el arduino
2017-11-06 18:47:05,757 - ERROR - root - /home/rolando/PycharmProjects/proyectoF/robotLaser/CariesRobot/comunicacion/serialArduino.py - No se puede establecer conexión con el arduino
2017-11-11 19:07:45,841 - ERROR - root - /home/rolando/PycharmProjects/proyectoF/robotLaser/CariesRobot/comunicacion/serialArduino.py - No se puede establecer conexión con el arduino
2017-11-11 19:07:59,448 - INFO - root - /home/rolando/PycharmProjects/proyectoF/robotLaser/CariesRobot/procesarImagen/Coordenadas.py - La imagen se proceso y se optubieron las coordenadas
2017-11-11 19:07:59,453 - ERROR - root - /home/rolando/PycharmProjects/proyectoF/robotLaser/CariesRobot/comunicacion/serialArduino.py - Error en cominicación con arduino
2017-11-11 19:09:51,943 - ERROR - root - /home/rolando/PycharmProjects/proyectoF/robotLaser/CariesRobot/comunicacion/serialArduino.py - No se puede establecer conexión con el arduino
2017-11-11 19:09:58,642 - INFO - root - /home/rolando/PycharmProjects/proyectoF/robotLaser/CariesRobot/procesarImagen/Coordenadas.py - La imagen se proceso y se optubieron las coordenadas
2017-11-13 07:35:29,237 - ERROR - root - /home/rolando/PycharmProjects/proyectoF/robotLaser/CariesRobot/comunicacion/serialArduino.py - No se puede establecer conexión con el arduino
2017-11-13 07:35:42,440 - INFO - root - /home/rolando/PycharmProjects/proyectoF/robotLaser/CariesRobot/procesarImagen/Camara.py - Se guardo la imagen correctamente 2017-11-13_07.jpg
2017-11-13 07:35:43,494 - INFO - root - /home/rolando/PycharmProjects/proyectoF/robotLaser/CariesRobot/procesarImagen/RemoverFondo.py - Imagen procesada satisfactoriamente (Se a removido el fondo de la imagen)
2017-11-13 07:37:49,765 - INFO - root - /home/rolando/PycharmProjects/proyectoF/robotLaser/CariesRobot/procesarImagen/Coordenadas.py - La imagen se proceso y se optubieron las coordenadas
2017-11-13 19:25:47,364 - ERROR - root - /home/rolando/PycharmProjects/proyectoF/robotLaser/CariesRobot/comunicacion/serialArduino.py - No se puede establecer conexión con el arduino
2017-11-13 19:27:50,609 - ERROR - root - /home/rolando/PycharmProjects/proyectoF/robotLaser/CariesRobot/comunicacion/serialArduino.py - No se puede establecer conexión con el arduino
2017-11-13 19:28:10,746 - ERROR - root - /home/rolando/PycharmProjects/proyectoF/robotLaser/CariesRobot/comunicacion/serialArduino.py - No se puede establecer conexión con el arduino
2017-11-13 19:30:02,699 - ERROR - root - /home/rolando/PycharmProjects/proyectoF/robotLaser/CariesRobot/comunicacion/serialArduino.py - No se puede establecer conexión con el arduino
2017-11-13 19:31:07,315 - ERROR - root - /home/rolando/PycharmProjects/proyectoF/robotLaser/CariesRobot/comunicacion/serialArduino.py - No se puede establecer conexión con el arduino
2017-11-13 19:35:04,420 - ERROR - root - /home/rolando/PycharmProjects/proyectoF/robotLaser/CariesRobot/comunicacion/serialArduino.py - No se puede establecer conexión con el arduino
2017-11-13 19:36:30,620 - ERROR - root - /home/rolando/PycharmProjects/proyectoF/robotLaser/CariesRobot/comunicacion/serialArduino.py - No se puede establecer conexión con el arduino
2017-11-13 19:36:56,061 - ERROR - root - /home/rolando/PycharmProjects/proyectoF/robotLaser/CariesRobot/comunicacion/serialArduino.py - No se puede establecer conexión con el arduino
2017-11-13 19:39:43,927 - ERROR - root - /home/rolando/PycharmProjects/proyectoF/robotLaser/CariesRobot/comunicacion/serialArduino.py - No se puede establecer conexión con el arduino
2017-11-13 19:45:48,226 - ERROR - root - /home/rolando/PycharmProjects/proyectoF/robotLaser/CariesRobot/comunicacion/serialArduino.py - No se puede establecer conexión con el arduino
2017-11-13 19:46:51,982 - ERROR - root - /home/rolando/PycharmProjects/proyectoF/robotLaser/CariesRobot/comunicacion/serialArduino.py - No se puede establecer conexión con el arduino
2017-11-13 19:47:50,885 - ERROR - root - /home/rolando/PycharmProjects/proyectoF/robotLaser/CariesRobot/comunicacion/serialArduino.py - No se puede establecer conexión con el arduino
2017-11-13 19:48:52,136 - ERROR - root - /home/rolando/PycharmProjects/proyectoF/robotLaser/CariesRobot/comunicacion/serialArduino.py - No se puede establecer conexión con el arduino
2017-11-13 19:49:00,973 - ERROR - root - /home/rolando/PycharmProjects/proyectoF/robotLaser/CariesRobot/comunicacion/serialArduino.py - No se puede establecer conexión con el arduino
2017-11-13 19:50:22,127 - ERROR - root - /home/rolando/PycharmProjects/proyectoF/robotLaser/CariesRobot/comunicacion/serialArduino.py - No se puede establecer conexión con el arduino
2017-11-13 19:50:47,216 - ERROR - root - /home/rolando/PycharmProjects/proyectoF/robotLaser/CariesRobot/comunicacion/serialArduino.py - No se puede establecer conexión con el arduino
2017-11-13 19:55:51,637 - ERROR - root - /home/rolando/PycharmProjects/proyectoF/robotLaser/CariesRobot/comunicacion/serialArduino.py - No se puede establecer conexión con el arduino
2017-11-13 19:59:21,777 - ERROR - root - /home/rolando/PycharmProjects/proyectoF/robotLaser/CariesRobot/comunicacion/serialArduino.py - No se puede establecer conexión con el arduino
2017-11-13 20:00:56,155 - ERROR - root - /home/rolando/PycharmProjects/proyectoF/robotLaser/CariesRobot/comunicacion/serialArduino.py - No se puede establecer conexión con el arduino
2017-11-13 20:06:53,848 - ERROR - root - /home/rolando/PycharmProjects/proyectoF/robotLaser/CariesRobot/comunicacion/serialArduino.py - No se puede establecer conexión con el arduino
2017-11-13 20:07:35,587 - ERROR - root - /home/rolando/PycharmProjects/proyectoF/robotLaser/CariesRobot/comunicacion/serialArduino.py - No se puede establecer conexión con el arduino
2017-11-13 20:07:45,309 - INFO - root - /home/rolando/PycharmProjects/proyectoF/robotLaser/CariesRobot/procesarImagen/Camara.py - Se guardo la imagen correctamente 2017-11-13_20.jpg
2017-11-13 20:09:50,308 - ERROR - root - /home/rolando/PycharmProjects/proyectoF/robotLaser/CariesRobot/comunicacion/serialArduino.py - No se puede establecer conexión con el arduino
2017-11-13 20:09:56,473 - INFO - root - /home/rolando/PycharmProjects/proyectoF/robotLaser/CariesRobot/procesarImagen/Camara.py - Se guardo la imagen correctamente 2017-11-13_20.jpg
2017-11-17 17:00:53,988 - ERROR - root - /home/rolando/PycharmProjects/proyectoF/robotLaser/CariesRobot/comunicacion/serialArduino.py - No se puede establecer conexión con el arduino
2017-11-17 17:01:04,670 - INFO - root - /home/rolando/PycharmProjects/proyectoF/robotLaser/CariesRobot/procesarImagen/Camara.py - Se guardo la imagen correctamente 2017-11-17_17.jpg
2017-11-17 17:01:20,950 - INFO - root - /home/rolando/PycharmProjects/proyectoF/robotLaser/CariesRobot/procesarImagen/Camara.py - Se guardo la imagen correctamente 2017-11-17_17.jpg
2017-11-17 17:01:26,092 - INFO - root - /home/rolando/PycharmProjects/proyectoF/robotLaser/CariesRobot/procesarImagen/Camara.py - Se guardo la imagen correctamente 2017-11-17_17.jpg
2017-11-17 17:03:43,610 - ERROR - root - /home/rolando/PycharmProjects/proyectoF/robotLaser/CariesRobot/comunicacion/serialArduino.py - No se puede establecer conexión con el arduino
2017-11-17 17:03:54,775 - INFO - root - /home/rolando/PycharmProjects/proyectoF/robotLaser/CariesRobot/procesarImagen/Camara.py - Se guardo la imagen correctamente 2017-11-17_17.jpg
2017-11-17 17:13:07,999 - ERROR - root - /home/rolando/PycharmProjects/proyectoF/robotLaser/CariesRobot/comunicacion/serialArduino.py - No se puede establecer conexión con el arduino
2017-11-17 17:13:15,808 - INFO - root - /home/rolando/PycharmProjects/proyectoF/robotLaser/CariesRobot/procesarImagen/Camara.py - Se guardo la imagen correctamente 2017-11-17_17.jpg
2017-11-17 17:13:33,735 - INFO - root - /home/rolando/PycharmProjects/proyectoF/robotLaser/CariesRobot/procesarImagen/Camara.py - Se guardo la imagen correctamente 2017-11-17_17.jpg
2017-11-17 17:16:18,320 - ERROR - root - /home/rolando/PycharmProjects/proyectoF/robotLaser/CariesRobot/comunicacion/serialArduino.py - No se puede establecer conexión con el arduino
2017-11-17 17:16:25,633 - INFO - root - /home/rolando/PycharmProjects/proyectoF/robotLaser/CariesRobot/procesarImagen/Camara.py - Se guardo la imagen correctamente 2017-11-17_17.jpg
2017-11-17 17:16:29,595 - INFO - root - /home/rolando/PycharmProjects/proyectoF/robotLaser/CariesRobot/procesarImagen/Camara.py - Se guardo la imagen correctamente 2017-11-17_17.jpg
2017-11-17 17:17:03,783 - ERROR - root - /home/rolando/PycharmProjects/proyectoF/robotLaser/CariesRobot/comunicacion/serialArduino.py - No se puede establecer conexión con el arduino
2017-11-17 17:17:10,704 - INFO - root - /home/rolando/PycharmProjects/proyectoF/robotLaser/CariesRobot/procesarImagen/Camara.py - Se guardo la imagen correctamente 2017-11-17_17.jpg
2017-11-17 17:19:15,473 - ERROR - root - /home/rolando/PycharmProjects/proyectoF/robotLaser/CariesRobot/comunicacion/serialArduino.py - No se puede establecer conexión con el arduino
2017-11-17 17:19:22,497 - INFO - root - /home/rolando/PycharmProjects/proyectoF/robotLaser/CariesRobot/procesarImagen/Camara.py - Se guardo la imagen correctamente 2017-11-17_17.jpg
2017-11-17 17:19:24,632 - INFO - root - /home/rolando/PycharmProjects/proyectoF/robotLaser/CariesRobot/procesarImagen/Camara.py - Se guardo la imagen correctamente 2017-11-17_17.jpg
2017-11-17 17:20:11,284 - ERROR - root - /home/rolando/PycharmProjects/proyectoF/robotLaser/CariesRobot/comunicacion/serialArduino.py - No se puede establecer conexión con el arduino
2017-11-17 17:20:17,991 - INFO - root - /home/rolando/PycharmProjects/proyectoF/robotLaser/CariesRobot/procesarImagen/Camara.py - Se guardo la imagen correctamente 2017-11-17_17.jpg
2017-11-17 17:20:46,959 - ERROR - root - /home/rolando/PycharmProjects/proyectoF/robotLaser/CariesRobot/comunicacion/serialArduino.py - No se puede establecer conexión con el arduino
2017-11-17 17:20:53,244 - INFO - root - /home/rolando/PycharmProjects/proyectoF/robotLaser/CariesRobot/procesarImagen/Camara.py - Se guardo la imagen correctamente 2017-11-17_17.jpg
2017-11-17 17:21:43,910 - ERROR - root - /home/rolando/PycharmProjects/proyectoF/robotLaser/CariesRobot/comunicacion/serialArduino.py - No se puede establecer conexión con el arduino
2017-11-17 17:21:50,627 - INFO - root - /home/rolando/PycharmProjects/proyectoF/robotLaser/CariesRobot/procesarImagen/Camara.py - Se guardo la imagen correctamente 2017-11-17_17.jpg
2017-11-17 17:23:09,024 - ERROR - root - /home/rolando/PycharmProjects/proyectoF/robotLaser/CariesRobot/comunicacion/serialArduino.py - No se puede establecer conexión con el arduino
2017-11-17 17:23:15,673 - INFO - root - /home/rolando/PycharmProjects/proyectoF/robotLaser/CariesRobot/procesarImagen/Camara.py - Se guardo la imagen correctamente 2017-11-17_17.jpg
2017-11-17 17:39:23,478 - ERROR - root - /home/rolando/PycharmProjects/proyectoF/robotLaser/CariesRobot/comunicacion/serialArduino.py - No se puede establecer conexión con el arduino
2017-11-17 17:40:12,527 - ERROR - root - /home/rolando/PycharmProjects/proyectoF/robotLaser/CariesRobot/comunicacion/serialArduino.py - No se puede establecer conexión con el arduino
2017-11-17 17:40:21,709 - INFO - root - /home/rolando/PycharmProjects/proyectoF/robotLaser/CariesRobot/procesarImagen/Camara.py - Se guardo la imagen correctamente 2017-11-17_17.jpg
2017-11-17 17:41:24,664 - ERROR - root - /home/rolando/PycharmProjects/proyectoF/robotLaser/CariesRobot/comunicacion/serialArduino.py - No se puede establecer conexión con el arduino
2017-11-17 17:42:39,935 - ERROR - root - /home/rolando/PycharmProjects/proyectoF/robotLaser/CariesRobot/comunicacion/serialArduino.py - No se puede establecer conexión con el arduino
2017-11-17 18:00:55,863 - ERROR - root - /home/rolando/PycharmProjects/proyectoF/robotLaser/CariesRobot/comunicacion/serialArduino.py - No se puede establecer conexión con el arduino
2017-11-17 18:06:46,719 - ERROR - root - /home/rolando/PycharmProjects/proyectoF/robotLaser/CariesRobot/comunicacion/serialArduino.py - No se puede establecer conexión con el arduino
2017-11-17 18:07:44,031 - ERROR - root - /home/rolando/PycharmProjects/proyectoF/robotLaser/CariesRobot/comunicacion/serialArduino.py - No se puede establecer conexión con el arduino
2017-11-17 19:35:21,670 - ERROR - root - /home/rolando/PycharmProjects/proyectoF/robotLaser/CariesRobot/comunicacion/serialArduino.py - No se puede establecer conexión con el arduino
2017-11-18 23:48:26,256 - ERROR - root - /home/rolando/PycharmProjects/proyectoF/robotLaser/CariesRobot/comunicacion/serialArduino.py - No se puede establecer conexión con el arduino
2017-11-18 23:51:13,537 - ERROR - root - /home/rolando/PycharmProjects/proyectoF/robotLaser/CariesRobot/comunicacion/serialArduino.py - No se puede establecer conexión con el arduino
2017-11-18 23:51:34,412 - ERROR - root - /home/rolando/PycharmProjects/proyectoF/robotLaser/CariesRobot/comunicacion/serialArduino.py - No se puede establecer conexión con el arduino
2017-11-18 23:54:15,831 - ERROR - root - /home/rolando/PycharmProjects/proyectoF/robotLaser/CariesRobot/comunicacion/serialArduino.py - No se puede establecer conexión con el arduino
2017-11-19 00:11:31,334 - ERROR - root - /home/rolando/PycharmProjects/proyectoF/robotLaser/CariesRobot/comunicacion/serialArduino.py - No se puede establecer conexión con el arduino
2017-11-19 00:11:38,390 - INFO - root - /home/rolando/PycharmProjects/proyectoF/robotLaser/CariesRobot/procesarImagen/RemoverFondo.py - Imagen procesada satisfactoriamente (Se a removido el fondo de la imagen)
2017-11-19 00:11:45,274 - ERROR - root - /home/rolando/PycharmProjects/proyectoF/robotLaser/CariesRobot/comunicacion/serialArduino.py - No se puede establecer conexión con el arduino
2017-11-19 00:12:21,328 - ERROR - root - /home/rolando/PycharmProjects/proyectoF/robotLaser/CariesRobot/comunicacion/serialArduino.py - No se puede establecer conexión con el arduino
2017-11-19 00:12:26,137 - INFO - root - /home/rolando/PycharmProjects/proyectoF/robotLaser/CariesRobot/procesarImagen/RemoverFondo.py - Imagen procesada satisfactoriamente (Se a removido el fondo de la imagen)
